#
# There is insufficient memory for the Java Runtime Environment to continue.
# Native memory allocation (malloc) failed to allocate 1255056 bytes for Chunk::new
# Possible reasons:
#   The system is out of physical RAM or swap space
#   The process is running with CompressedOops enabled, and the Java Heap may be blocking the growth of the native heap
# Possible solutions:
#   Reduce memory load on the system
#   Increase physical memory or swap space
#   Check if swap backing store is full
#   Decrease Java heap size (-Xmx/-Xms)
#   Decrease number of Java threads
#   Decrease Java thread stack sizes (-Xss)
#   Set larger code cache with -XX:ReservedCodeCacheSize=
#   JVM is running with Unscaled Compressed Oops mode in which the Java heap is
#     placed in the first 4GB address space. The Java Heap base address is the
#     maximum limit for the native heap growth. Please use -XX:HeapBaseMinAddress
#     to set the Java Heap base and to place the Java Heap above 4GB virtual address.
# This output file may be truncated or incomplete.
#
#  Out of Memory Error (allocation.cpp:389), pid=13280, tid=0x00000000000048e4
#
# JRE version: OpenJDK Runtime Environment (8.0_242-b01) (build 1.8.0_242-release-1644-b01)
# Java VM: OpenJDK 64-Bit Server VM (25.242-b01 mixed mode windows-amd64 compressed oops)
# Failed to write core dump. Minidumps are not enabled by default on client versions of Windows
#

---------------  T H R E A D  ---------------

Current thread (0x000000001674a000):  JavaThread "C2 CompilerThread0" daemon [_thread_in_native, id=18660, stack(0x0000000018d10000,0x0000000018e10000)]

Stack: [0x0000000018d10000,0x0000000018e10000]
[error occurred during error reporting (printing stack bounds), id 0xc0000005]

Native frames: (J=compiled Java code, j=interpreted, Vv=VM code, C=native code)


Current CompileTask:
C2:  21988 17254   !   4       java.io.ObjectOutputStream::writeOrdinaryObject (175 bytes)


---------------  P R O C E S S  ---------------

Java Threads: ( => current thread )
  0x0000000019a98000 JavaThread "ForkJoinPool.commonPool-worker-7" daemon [_thread_blocked, id=22784, stack(0x000000002a400000,0x000000002a500000)]
  0x0000000019a94000 JavaThread "ForkJoinPool.commonPool-worker-6" daemon [_thread_blocked, id=23488, stack(0x000000002a0d0000,0x000000002a1d0000)]
  0x0000000019a92000 JavaThread "ForkJoinPool.commonPool-worker-5" daemon [_thread_blocked, id=18064, stack(0x0000000029fd0000,0x000000002a0d0000)]
  0x0000000019a95800 JavaThread "ForkJoinPool.commonPool-worker-4" daemon [_thread_blocked, id=22460, stack(0x0000000029440000,0x0000000029540000)]
  0x000000001f562800 JavaThread "WorkerExecutor Queue Thread 6" [_thread_blocked, id=22364, stack(0x0000000028ad0000,0x0000000028bd0000)]
  0x000000001f565800 JavaThread "WorkerExecutor Queue Thread 5" [_thread_blocked, id=20168, stack(0x00000000289d0000,0x0000000028ad0000)]
  0x000000001f567000 JavaThread "WorkerExecutor Queue Thread 4" [_thread_blocked, id=152, stack(0x00000000288d0000,0x00000000289d0000)]
  0x000000001f568000 JavaThread "WorkerExecutor Queue Thread 3" [_thread_blocked, id=12860, stack(0x00000000287d0000,0x00000000288d0000)]
  0x000000001f565000 JavaThread "WorkerExecutor Queue Thread 2" [_thread_blocked, id=7092, stack(0x00000000286d0000,0x00000000287d0000)]
  0x000000001f564000 JavaThread "WorkerExecutor Queue" [_thread_blocked, id=23108, stack(0x00000000285d0000,0x00000000286d0000)]
  0x000000001f568800 JavaThread "ForkJoinPool.commonPool-worker-3" daemon [_thread_blocked, id=17812, stack(0x00000000284d0000,0x00000000285d0000)]
  0x000000001f563800 JavaThread "ForkJoinPool.commonPool-worker-2" daemon [_thread_blocked, id=18000, stack(0x00000000283d0000,0x00000000284d0000)]
  0x000000001f55b000 JavaThread "ForkJoinPool.commonPool-worker-1" daemon [_thread_blocked, id=18072, stack(0x0000000027520000,0x0000000027620000)]
  0x000000001f55c000 JavaThread "Cache worker for Java compile cache (E:\androidWork\SanMingProject\danpin_sos\locations\.gradle\6.1.1\javaCompile)" [_thread_blocked, id=23004, stack(0x0000000027ad0000,0x0000000027bd0000)]
  0x000000001f560800 JavaThread "Cache worker for Java compile cache (C:\Users\Administrator\.gradle\caches\6.1.1\javaCompile)" [_thread_blocked, id=19800, stack(0x0000000027630000,0x0000000027730000)]
  0x000000001f55c800 JavaThread "Cache worker for execution history cache (E:\androidWork\SanMingProject\danpin_sos\locations\.gradle\6.1.1\executionHistory)" [_thread_blocked, id=23248, stack(0x00000000277d0000,0x00000000278d0000)]
  0x000000001f55f000 JavaThread "Execution worker for ':' Thread 7" [_thread_blocked, id=9612, stack(0x0000000027220000,0x0000000027320000)]
  0x000000001f55e000 JavaThread "Execution worker for ':' Thread 6" [_thread_blocked, id=16656, stack(0x0000000027120000,0x0000000027220000)]
  0x000000001fbd9000 JavaThread "Execution worker for ':' Thread 5" [_thread_blocked, id=20876, stack(0x0000000027020000,0x0000000027120000)]
  0x000000001fbd7800 JavaThread "Execution worker for ':' Thread 4" [_thread_blocked, id=22248, stack(0x0000000026f20000,0x0000000027020000)]
  0x000000001fbda800 JavaThread "Execution worker for ':' Thread 3" [_thread_in_native, id=8108, stack(0x0000000026e20000,0x0000000026f20000)]
  0x000000001fbd6800 JavaThread "Execution worker for ':' Thread 2" [_thread_blocked, id=18700, stack(0x0000000026d20000,0x0000000026e20000)]
  0x000000001fbd8000 JavaThread "Execution worker for ':'" [_thread_blocked, id=22036, stack(0x00000000250b0000,0x00000000251b0000)]
  0x000000001fbd9800 JavaThread "Cache worker for file content cache (E:\androidWork\SanMingProject\danpin_sos\locations\.gradle\6.1.1\fileContent)" [_thread_blocked, id=21236, stack(0x0000000025950000,0x0000000025a50000)]
  0x000000001fbd0000 JavaThread "Cache worker for file content cache (C:\Users\Administrator\.gradle\caches\6.1.1\fileContent)" [_thread_blocked, id=21644, stack(0x0000000025850000,0x0000000025950000)]
  0x000000001fbce800 JavaThread "Memory manager" [_thread_blocked, id=20768, stack(0x0000000025470000,0x0000000025570000)]
  0x000000001fbcd800 JavaThread "Cache worker for Build Output Cleanup Cache (E:\androidWork\SanMingProject\danpin_sos\locations\.gradle\buildOutputCleanup)" [_thread_blocked, id=8596, stack(0x00000000216e0000,0x00000000217e0000)]
  0x000000001fbd4800 JavaThread "Build operations Thread 8" [_thread_blocked, id=13644, stack(0x0000000023fb0000,0x00000000240b0000)]
  0x000000001fbcd000 JavaThread "Build operations Thread 7" [_thread_blocked, id=23360, stack(0x0000000023eb0000,0x0000000023fb0000)]
  0x000000001fbd3800 JavaThread "Build operations Thread 6" [_thread_blocked, id=16852, stack(0x0000000023db0000,0x0000000023eb0000)]
  0x000000001fbd1800 JavaThread "Build operations Thread 5" [_thread_blocked, id=16320, stack(0x0000000021c20000,0x0000000021d20000)]
  0x000000001fbcc000 JavaThread "Build operations Thread 4" [_thread_blocked, id=13416, stack(0x0000000021b20000,0x0000000021c20000)]
  0x000000001fbd0800 JavaThread "Build operations Thread 3" [_thread_blocked, id=21900, stack(0x0000000021a20000,0x0000000021b20000)]
  0x000000001fbd3000 JavaThread "Build operations Thread 2" [_thread_blocked, id=21128, stack(0x0000000021920000,0x0000000021a20000)]
  0x000000001fbcb800 JavaThread "Build operations" [_thread_blocked, id=23056, stack(0x0000000021820000,0x0000000021920000)]
  0x000000001b590800 JavaThread "Cache worker for execution history cache (C:\Users\Administrator\.gradle\caches\6.1.1\executionHistory)" [_thread_blocked, id=22216, stack(0x0000000020770000,0x0000000020870000)]
  0x000000001b595000 JavaThread "Cache worker for cache directory md-rule (C:\Users\Administrator\.gradle\caches\6.1.1\md-rule)" [_thread_blocked, id=21788, stack(0x0000000020670000,0x0000000020770000)]
  0x000000001b58f800 JavaThread "Cache worker for cache directory md-supplier (C:\Users\Administrator\.gradle\caches\6.1.1\md-supplier)" [_thread_blocked, id=12132, stack(0x0000000020570000,0x0000000020670000)]
  0x000000001b594000 JavaThread "Cache worker for file hash cache (E:\androidWork\SanMingProject\danpin_sos\locations\.gradle\6.1.1\fileHashes)" [_thread_blocked, id=704, stack(0x000000001f2d0000,0x000000001f3d0000)]
  0x000000001b591000 JavaThread "Cache worker for checksums cache (E:\androidWork\SanMingProject\danpin_sos\locations\.gradle\checksums)" [_thread_blocked, id=22116, stack(0x0000000020470000,0x0000000020570000)]
  0x000000001b596800 JavaThread "Cache worker for file hash cache (C:\Users\Administrator\.gradle\caches\6.1.1\fileHashes)" [_thread_blocked, id=7972, stack(0x000000001cd90000,0x000000001ce90000)]
  0x000000001b592000 JavaThread "File lock request listener" [_thread_in_native, id=21816, stack(0x000000001cc90000,0x000000001cd90000)]
  0x000000001b55a800 JavaThread "Cache worker for journal cache (C:\Users\Administrator\.gradle\caches\journal-1)" [_thread_blocked, id=20320, stack(0x000000001cb90000,0x000000001cc90000)]
  0x000000001b4e6000 JavaThread "Thread-9" [_thread_blocked, id=14048, stack(0x000000001c890000,0x000000001c990000)]
  0x000000001b4e3000 JavaThread "Stdin handler" [_thread_blocked, id=22668, stack(0x000000001c790000,0x000000001c890000)]
  0x000000001b4e0800 JavaThread "Asynchronous log dispatcher for DefaultDaemonConnection: socket connection from /127.0.0.1:63898 to /127.0.0.1:63899" [_thread_blocked, id=15016, stack(0x000000001c690000,0x000000001c790000)]
  0x000000001b4ed800 JavaThread "Daemon worker" [_thread_blocked, id=17528, stack(0x000000001c590000,0x000000001c690000)]
  0x000000001b4e8800 JavaThread "Cancel handler" [_thread_blocked, id=20888, stack(0x000000001c490000,0x000000001c590000)]
  0x000000001b489000 JavaThread "Handler for socket connection from /127.0.0.1:63898 to /127.0.0.1:63899" [_thread_in_native, id=15888, stack(0x000000001c190000,0x000000001c290000)]
  0x000000001b488800 JavaThread "Daemon" [_thread_blocked, id=20036, stack(0x000000001c090000,0x000000001c190000)]
  0x000000001b41f000 JavaThread "Daemon periodic checks" [_thread_blocked, id=10408, stack(0x000000001bf90000,0x000000001c090000)]
  0x000000001b41c800 JavaThread "Incoming local TCP Connector on port 63898" [_thread_in_native, id=11464, stack(0x000000001bde0000,0x000000001bee0000)]
  0x000000001a035000 JavaThread "Daemon health stats" [_thread_blocked, id=1060, stack(0x000000001aae0000,0x000000001abe0000)]
  0x0000000018637000 JavaThread "Service Thread" daemon [_thread_blocked, id=16800, stack(0x0000000019110000,0x0000000019210000)]
  0x00000000185ae000 JavaThread "C1 CompilerThread3" daemon [_thread_blocked, id=22888, stack(0x0000000019010000,0x0000000019110000)]
  0x00000000185a7000 JavaThread "C2 CompilerThread2" daemon [_thread_blocked, id=22740, stack(0x0000000018f10000,0x0000000019010000)]
  0x00000000185a2000 JavaThread "C2 CompilerThread1" daemon [_thread_blocked, id=12448, stack(0x0000000018e10000,0x0000000018f10000)]
=>0x000000001674a000 JavaThread "C2 CompilerThread0" daemon [_thread_in_native, id=18660, stack(0x0000000018d10000,0x0000000018e10000)]
  0x000000001854c800 JavaThread "Attach Listener" daemon [_thread_blocked, id=9776, stack(0x0000000018c10000,0x0000000018d10000)]
  0x00000000185a0000 JavaThread "Signal Dispatcher" daemon [_thread_blocked, id=6812, stack(0x0000000018b10000,0x0000000018c10000)]
  0x000000000297e000 JavaThread "Finalizer" daemon [_thread_blocked, id=17952, stack(0x0000000018a10000,0x0000000018b10000)]
  0x0000000002977000 JavaThread "Reference Handler" daemon [_thread_blocked, id=23176, stack(0x0000000018910000,0x0000000018a10000)]
  0x000000000070e000 JavaThread "main" [_thread_blocked, id=4840, stack(0x0000000002350000,0x0000000002450000)]

Other Threads:
  0x0000000016736000 VMThread [stack: 0x0000000018410000,0x0000000018510000] [id=17716]
  0x0000000018637800 WatcherThread [stack: 0x0000000019210000,0x0000000019310000] [id=2592]

VM state:not at safepoint (normal execution)

VM Mutex/Monitor currently owned by a thread: None

OutOfMemory and StackOverflow Exception counts:
OutOfMemoryError java_heap_errors=6

heap address: 0x00000000a0000000, size: 1536 MB, Compressed Oops mode: 32-bit
Narrow klass base: 0x0000000000000000, Narrow klass shift: 3
Compressed class space size: 1073741824 Address: 0x0000000100000000

Heap:
 PSYoungGen      total 380416K, used 215655K [0x00000000e0000000, 0x00000000fa000000, 0x0000000100000000)
  eden space 337408K, 63% used [0x00000000e0000000,0x00000000ed0e1c18,0x00000000f4980000)
  from space 43008K, 4% used [0x00000000f4980000,0x00000000f4b38000,0x00000000f7380000)
  to   space 43008K, 0% used [0x00000000f7380000,0x00000000f7380000,0x00000000f9d80000)
 ParOldGen       total 200192K, used 119949K [0x00000000a0000000, 0x00000000ac380000, 0x00000000e0000000)
  object space 200192K, 59% used [0x00000000a0000000,0x00000000a7523480,0x00000000ac380000)
 Metaspace       used 87610K, capacity 93100K, committed 93336K, reserved 1130496K
  class space    used 11737K, capacity 12899K, committed 12960K, reserved 1048576K

Card table byte_map: [0x0000000011d40000,0x0000000012050000] byte_map_base: 0x0000000011840000

Marking Bits: (ParMarkBitMap*) 0x00000000533ef030
 Begin Bits: [0x0000000012a50000, 0x0000000014250000)
 End Bits:   [0x0000000014250000, 0x0000000015a50000)

Polling page: 0x00000000006f0000

CodeCache: size=245760Kb used=50853Kb max_used=50986Kb free=194906Kb
 bounds [0x0000000002980000, 0x0000000005b90000, 0x0000000011980000]
 total_blobs=15245 nmethods=14379 adapters=776
 compilation: enabled

Compilation events (10 events):
Event: 21.923 Thread 0x00000000185ae000 17342   !   3       java.util.zip.Deflater::deflate (140 bytes)
Event: 21.924 Thread 0x00000000185ae000 nmethod 17342 0x0000000005354090 code [0x0000000005354260, 0x0000000005354a68]
Event: 21.934 Thread 0x00000000185a2000 nmethod 17314 0x00000000050aeb50 code [0x00000000050aed40, 0x00000000050af6b0]
Event: 21.949 Thread 0x00000000185a2000 17343       4       java.nio.ByteBuffer::allocate (22 bytes)
Event: 21.950 Thread 0x00000000185a7000 nmethod 17328 0x0000000005527cd0 code [0x0000000005527fc0, 0x0000000005529ed8]
Event: 21.951 Thread 0x00000000185a2000 nmethod 17343 0x0000000005353c90 code [0x0000000005353de0, 0x0000000005353f98]
Event: 21.964 Thread 0x00000000185ae000 17344  s!   3       sun.security.jca.ProviderConfig::getProvider (115 bytes)
Event: 21.966 Thread 0x00000000185ae000 nmethod 17344 0x00000000050ade90 code [0x00000000050ae040, 0x00000000050ae8c8]
Event: 21.966 Thread 0x00000000185ae000 17345       1       java.util.concurrent.atomic.AtomicLong::compareAndSet (13 bytes)
Event: 21.966 Thread 0x00000000185ae000 nmethod 17345 0x0000000004151610 code [0x0000000004151760, 0x0000000004151890]

GC Heap History (10 events):
Event: 13.510 GC heap before
{Heap before GC invocations=14 (full 3):
 PSYoungGen      total 264704K, used 264702K [0x00000000e0000000, 0x00000000f2480000, 0x0000000100000000)
  eden space 242176K, 100% used [0x00000000e0000000,0x00000000eec80000,0x00000000eec80000)
  from space 22528K, 99% used [0x00000000f0580000,0x00000000f1b7fa30,0x00000000f1b80000)
  to   space 25600K, 0% used [0x00000000eec80000,0x00000000eec80000,0x00000000f0580000)
 ParOldGen       total 200192K, used 42787K [0x00000000a0000000, 0x00000000ac380000, 0x00000000e0000000)
  object space 200192K, 21% used [0x00000000a0000000,0x00000000a29c8c88,0x00000000ac380000)
 Metaspace       used 70268K, capacity 74272K, committed 74520K, reserved 1114112K
  class space    used 9593K, capacity 10457K, committed 10528K, reserved 1048576K
Event: 13.542 GC heap after
Heap after GC invocations=14 (full 3):
 PSYoungGen      total 267776K, used 25583K [0x00000000e0000000, 0x00000000f6000000, 0x0000000100000000)
  eden space 242176K, 0% used [0x00000000e0000000,0x00000000e0000000,0x00000000eec80000)
  from space 25600K, 99% used [0x00000000eec80000,0x00000000f057bed0,0x00000000f0580000)
  to   space 37376K, 0% used [0x00000000f3b80000,0x00000000f3b80000,0x00000000f6000000)
 ParOldGen       total 200192K, used 65268K [0x00000000a0000000, 0x00000000ac380000, 0x00000000e0000000)
  object space 200192K, 32% used [0x00000000a0000000,0x00000000a3fbd348,0x00000000ac380000)
 Metaspace       used 70268K, capacity 74272K, committed 74520K, reserved 1114112K
  class space    used 9593K, capacity 10457K, committed 10528K, reserved 1048576K
}
Event: 15.594 GC heap before
{Heap before GC invocations=15 (full 3):
 PSYoungGen      total 267776K, used 267759K [0x00000000e0000000, 0x00000000f6000000, 0x0000000100000000)
  eden space 242176K, 100% used [0x00000000e0000000,0x00000000eec80000,0x00000000eec80000)
  from space 25600K, 99% used [0x00000000eec80000,0x00000000f057bed0,0x00000000f0580000)
  to   space 37376K, 0% used [0x00000000f3b80000,0x00000000f3b80000,0x00000000f6000000)
 ParOldGen       total 200192K, used 65268K [0x00000000a0000000, 0x00000000ac380000, 0x00000000e0000000)
  object space 200192K, 32% used [0x00000000a0000000,0x00000000a3fbd348,0x00000000ac380000)
 Metaspace       used 72378K, capacity 76390K, committed 76696K, reserved 1116160K
  class space    used 9724K, capacity 10586K, committed 10656K, reserved 1048576K
Event: 15.625 GC heap after
Heap after GC invocations=15 (full 3):
 PSYoungGen      total 321024K, used 19896K [0x00000000e0000000, 0x00000000f5e00000, 0x0000000100000000)
  eden space 285696K, 0% used [0x00000000e0000000,0x00000000e0000000,0x00000000f1700000)
  from space 35328K, 56% used [0x00000000f3b80000,0x00000000f4eee0c8,0x00000000f5e00000)
  to   space 36352K, 0% used [0x00000000f1700000,0x00000000f1700000,0x00000000f3a80000)
 ParOldGen       total 200192K, used 87956K [0x00000000a0000000, 0x00000000ac380000, 0x00000000e0000000)
  object space 200192K, 43% used [0x00000000a0000000,0x00000000a55e5130,0x00000000ac380000)
 Metaspace       used 72378K, capacity 76390K, committed 76696K, reserved 1116160K
  class space    used 9724K, capacity 10586K, committed 10656K, reserved 1048576K
}
Event: 17.814 GC heap before
{Heap before GC invocations=16 (full 3):
 PSYoungGen      total 321024K, used 305592K [0x00000000e0000000, 0x00000000f5e00000, 0x0000000100000000)
  eden space 285696K, 100% used [0x00000000e0000000,0x00000000f1700000,0x00000000f1700000)
  from space 35328K, 56% used [0x00000000f3b80000,0x00000000f4eee0c8,0x00000000f5e00000)
  to   space 36352K, 0% used [0x00000000f1700000,0x00000000f1700000,0x00000000f3a80000)
 ParOldGen       total 200192K, used 87956K [0x00000000a0000000, 0x00000000ac380000, 0x00000000e0000000)
  object space 200192K, 43% used [0x00000000a0000000,0x00000000a55e5130,0x00000000ac380000)
 Metaspace       used 81468K, capacity 86586K, committed 86680K, reserved 1124352K
  class space    used 11058K, capacity 12154K, committed 12192K, reserved 1048576K
Event: 17.850 GC heap after
Heap after GC invocations=16 (full 3):
 PSYoungGen      total 322048K, used 36344K [0x00000000e0000000, 0x00000000f9d80000, 0x0000000100000000)
  eden space 285696K, 0% used [0x00000000e0000000,0x00000000e0000000,0x00000000f1700000)
  from space 36352K, 99% used [0x00000000f1700000,0x00000000f3a7e300,0x00000000f3a80000)
  to   space 43008K, 0% used [0x00000000f7380000,0x00000000f7380000,0x00000000f9d80000)
 ParOldGen       total 200192K, used 90504K [0x00000000a0000000, 0x00000000ac380000, 0x00000000e0000000)
  object space 200192K, 45% used [0x00000000a0000000,0x00000000a5862048,0x00000000ac380000)
 Metaspace       used 81468K, capacity 86586K, committed 86680K, reserved 1124352K
  class space    used 11058K, capacity 12154K, committed 12192K, reserved 1048576K
}
Event: 19.209 GC heap before
{Heap before GC invocations=17 (full 3):
 PSYoungGen      total 322048K, used 322040K [0x00000000e0000000, 0x00000000f9d80000, 0x0000000100000000)
  eden space 285696K, 100% used [0x00000000e0000000,0x00000000f1700000,0x00000000f1700000)
  from space 36352K, 99% used [0x00000000f1700000,0x00000000f3a7e300,0x00000000f3a80000)
  to   space 43008K, 0% used [0x00000000f7380000,0x00000000f7380000,0x00000000f9d80000)
 ParOldGen       total 200192K, used 90504K [0x00000000a0000000, 0x00000000ac380000, 0x00000000e0000000)
  object space 200192K, 45% used [0x00000000a0000000,0x00000000a5862048,0x00000000ac380000)
 Metaspace       used 82599K, capacity 87830K, committed 88088K, reserved 1124352K
  class space    used 11124K, capacity 12240K, committed 12320K, reserved 1048576K
Event: 19.236 GC heap after
Heap after GC invocations=17 (full 3):
 PSYoungGen      total 380416K, used 3728K [0x00000000e0000000, 0x00000000fa000000, 0x0000000100000000)
  eden space 337408K, 0% used [0x00000000e0000000,0x00000000e0000000,0x00000000f4980000)
  from space 43008K, 8% used [0x00000000f7380000,0x00000000f77243c0,0x00000000f9d80000)
  to   space 43008K, 0% used [0x00000000f4980000,0x00000000f4980000,0x00000000f7380000)
 ParOldGen       total 200192K, used 119941K [0x00000000a0000000, 0x00000000ac380000, 0x00000000e0000000)
  object space 200192K, 59% used [0x00000000a0000000,0x00000000a7521480,0x00000000ac380000)
 Metaspace       used 82599K, capacity 87830K, committed 88088K, reserved 1124352K
  class space    used 11124K, capacity 12240K, committed 12320K, reserved 1048576K
}
Event: 20.208 GC heap before
{Heap before GC invocations=18 (full 3):
 PSYoungGen      total 380416K, used 341136K [0x00000000e0000000, 0x00000000fa000000, 0x0000000100000000)
  eden space 337408K, 100% used [0x00000000e0000000,0x00000000f4980000,0x00000000f4980000)
  from space 43008K, 8% used [0x00000000f7380000,0x00000000f77243c0,0x00000000f9d80000)
  to   space 43008K, 0% used [0x00000000f4980000,0x00000000f4980000,0x00000000f7380000)
 ParOldGen       total 200192K, used 119941K [0x00000000a0000000, 0x00000000ac380000, 0x00000000e0000000)
  object space 200192K, 59% used [0x00000000a0000000,0x00000000a7521480,0x00000000ac380000)
 Metaspace       used 83071K, capacity 88316K, committed 88600K, reserved 1126400K
  class space    used 11154K, capacity 12281K, committed 12320K, reserved 1048576K
Event: 20.212 GC heap after
Heap after GC invocations=18 (full 3):
 PSYoungGen      total 380416K, used 1760K [0x00000000e0000000, 0x00000000fa000000, 0x0000000100000000)
  eden space 337408K, 0% used [0x00000000e0000000,0x00000000e0000000,0x00000000f4980000)
  from space 43008K, 4% used [0x00000000f4980000,0x00000000f4b38000,0x00000000f7380000)
  to   space 43008K, 0% used [0x00000000f7380000,0x00000000f7380000,0x00000000f9d80000)
 ParOldGen       total 200192K, used 119949K [0x00000000a0000000, 0x00000000ac380000, 0x00000000e0000000)
  object space 200192K, 59% used [0x00000000a0000000,0x00000000a7523480,0x00000000ac380000)
 Metaspace       used 83071K, capacity 88316K, committed 88600K, reserved 1126400K
  class space    used 11154K, capacity 12281K, committed 12320K, reserved 1048576K
}

Deoptimization events (10 events):
Event: 21.795 Thread 0x000000001fbda800 Uncommon trap: reason=array_check action=maybe_recompile pc=0x0000000005845bfc method=java.util.TimSort.binarySort([Ljava/lang/Object;IIILjava/util/Comparator;)V @ 215
Event: 21.795 Thread 0x000000001fbda800 Uncommon trap: reason=unstable_if action=reinterpret pc=0x0000000004f64860 method=java.io.ObjectOutputStream$BlockDataOutputStream.writeBytes(Ljava/lang/String;)V @ 22
Event: 21.798 Thread 0x000000001fbda800 Uncommon trap: reason=array_check action=maybe_recompile pc=0x00000000030c1d6c method=java.util.TimSort.binarySort([Ljava/lang/Object;IIILjava/util/Comparator;)V @ 215
Event: 21.954 Thread 0x000000001f562800 Uncommon trap: reason=unstable_if action=reinterpret pc=0x00000000039029c0 method=java.nio.Buffer.limit(I)Ljava/nio/Buffer; @ 33
Event: 21.966 Thread 0x000000001f568800 Uncommon trap: reason=class_check action=maybe_recompile pc=0x0000000005529030 method=sun.nio.ch.IOUtil.read(Ljava/io/FileDescriptor;Ljava/nio/ByteBuffer;JLsun/nio/ch/NativeDispatcher;)I @ 1
Event: 21.969 Thread 0x000000001f563800 Uncommon trap: reason=class_check action=maybe_recompile pc=0x0000000005529030 method=sun.nio.ch.IOUtil.read(Ljava/io/FileDescriptor;Ljava/nio/ByteBuffer;JLsun/nio/ch/NativeDispatcher;)I @ 1
Event: 21.977 Thread 0x000000001f563800 Uncommon trap: reason=class_check action=maybe_recompile pc=0x0000000005529030 method=sun.nio.ch.IOUtil.read(Ljava/io/FileDescriptor;Ljava/nio/ByteBuffer;JLsun/nio/ch/NativeDispatcher;)I @ 1
Event: 21.981 Thread 0x000000001f563800 Uncommon trap: reason=class_check action=maybe_recompile pc=0x0000000005529030 method=sun.nio.ch.IOUtil.read(Ljava/io/FileDescriptor;Ljava/nio/ByteBuffer;JLsun/nio/ch/NativeDispatcher;)I @ 1
Event: 21.984 Thread 0x000000001fbda800 Uncommon trap: reason=class_check action=maybe_recompile pc=0x00000000034dbac0 method=java.lang.Throwable.<init>(Ljava/lang/String;Ljava/lang/Throwable;)V @ 24
Event: 21.985 Thread 0x000000001fbda800 Uncommon trap: reason=class_check action=maybe_recompile pc=0x00000000034dbac0 method=java.lang.Throwable.<init>(Ljava/lang/String;Ljava/lang/Throwable;)V @ 24

Classes redefined (0 events):
No events

Internal exceptions (10 events):
Event: 21.798 Thread 0x000000001fbda800 Exception <a 'java/lang/NoSuchMethodError': <clinit>> (0x00000000ebde7678) thrown at [C:\src\AOSP-openjdk-git\hotspot\src\share\vm\prims\jni.cpp, line 1615]
Event: 21.834 Thread 0x000000001f562800 Exception <a 'java/lang/NoSuchMethodError': java.lang.Object.newSystemTemporaryDirectory()Lcom/android/tools/build/apkzlib/bytestorage/TemporaryDirectory;> (0x00000000ec5e5310) thrown at [C:\src\AOSP-openjdk-git\hotspot\src\share\vm\interpreter\linkResolv
Event: 21.905 Thread 0x000000001f562800 Exception <a 'java/lang/NoSuchMethodError': java.lang.Object.lambda$static$0(Lcom/android/apksig/util/RunnablesProvider;)V> (0x00000000ec88f3a8) thrown at [C:\src\AOSP-openjdk-git\hotspot\src\share\vm\interpreter\linkResolver.cpp, line 620]
Event: 21.965 Thread 0x000000001f55b000 Exception <a 'java/lang/OutOfMemoryError'> (0x00000000ecee41f0) thrown at [C:\src\AOSP-openjdk-git\hotspot\src\share\vm\prims\unsafe.cpp, line 618]
Event: 21.965 Thread 0x0000000019a95800 Exception <a 'java/lang/OutOfMemoryError'> (0x00000000ecf785f8) thrown at [C:\src\AOSP-openjdk-git\hotspot\src\share\vm\prims\unsafe.cpp, line 618]
Event: 21.965 Thread 0x0000000019a94000 Exception <a 'java/lang/OutOfMemoryError'> (0x00000000ed031158) thrown at [C:\src\AOSP-openjdk-git\hotspot\src\share\vm\prims\unsafe.cpp, line 618]
Event: 21.965 Thread 0x000000001f55b000 Exception <a 'java/lang/OutOfMemoryError'> (0x00000000ecee44b8) thrown at [C:\src\AOSP-openjdk-git\hotspot\src\share\vm\prims\unsafe.cpp, line 618]
Event: 21.965 Thread 0x0000000019a92000 Exception <a 'java/lang/OutOfMemoryError'> (0x00000000ecfd4ba8) thrown at [C:\src\AOSP-openjdk-git\hotspot\src\share\vm\prims\unsafe.cpp, line 618]
Event: 21.975 Thread 0x000000001f568800 Exception <a 'java/lang/OutOfMemoryError'> (0x00000000ecf39800) thrown at [C:\src\AOSP-openjdk-git\hotspot\src\share\vm\prims\unsafe.cpp, line 618]
Event: 21.985 Thread 0x000000001fbda800 Exception <a 'java/lang/reflect/InvocationTargetException'> (0x00000000ebebbc50) thrown at [C:\src\AOSP-openjdk-git\hotspot\src\share\vm\runtime\reflection.cpp, line 1092]

Events (10 events):
Event: 21.985 loading class org/gradle/tooling/GradleConnectionException done
Event: 21.985 Thread 0x000000001fbda800 Uncommon trap: trap_request=0xffffffde fr.pc=0x00000000034dbac0
Event: 21.985 Thread 0x000000001fbda800 DEOPT PACKING pc=0x00000000034dbac0 sp=0x0000000026f1b2d0
Event: 21.985 Thread 0x000000001fbda800 DEOPT UNPACKING pc=0x00000000029c557b sp=0x0000000026f1b2b8 mode 2
Event: 21.986 loading class org/gradle/internal/Try
Event: 21.986 loading class org/gradle/internal/Try done
Event: 21.986 loading class org/gradle/internal/Try
Event: 21.986 loading class org/gradle/internal/Try done
Event: 21.986 loading class org/gradle/internal/execution/Result
Event: 21.986 loading class org/gradle/internal/execution/Result done


Dynamic libraries:
0x00007ff7b6300000 - 0x00007ff7b6331000 	D:\Program Files\Android\Android Studio\jre\bin\java.exe
0x00007ffdf4bb0000 - 0x00007ffdf4da4000 	C:\Windows\SYSTEM32\ntdll.dll
0x00007ffdf2bf0000 - 0x00007ffdf2cad000 	C:\Windows\System32\KERNEL32.DLL
0x00007ffdf2690000 - 0x00007ffdf2957000 	C:\Windows\System32\KERNELBASE.dll
0x00007ffdf45c0000 - 0x00007ffdf466a000 	C:\Windows\System32\ADVAPI32.dll
0x00007ffdf43f0000 - 0x00007ffdf448e000 	C:\Windows\System32\msvcrt.dll
0x00007ffdf4740000 - 0x00007ffdf47db000 	C:\Windows\System32\sechost.dll
0x00007ffdf4490000 - 0x00007ffdf45b3000 	C:\Windows\System32\RPCRT4.dll
0x00007ffdf2cb0000 - 0x00007ffdf2e50000 	C:\Windows\System32\USER32.dll
0x00007ffdf2610000 - 0x00007ffdf2632000 	C:\Windows\System32\win32u.dll
0x00007ffdf2f00000 - 0x00007ffdf2f2a000 	C:\Windows\System32\GDI32.dll
0x00007ffdf29c0000 - 0x00007ffdf2ac9000 	C:\Windows\System32\gdi32full.dll
0x00007ffdf2b50000 - 0x00007ffdf2bed000 	C:\Windows\System32\msvcp_win.dll
0x00007ffdf2380000 - 0x00007ffdf2480000 	C:\Windows\System32\ucrtbase.dll
0x00007ffdde570000 - 0x00007ffdde80a000 	C:\Windows\WinSxS\amd64_microsoft.windows.common-controls_6595b64144ccf1df_6.0.19041.1_none_b555e41d4684ddec\COMCTL32.dll
0x00007ffdf2f30000 - 0x00007ffdf2f60000 	C:\Windows\System32\IMM32.DLL
0x0000000052b40000 - 0x0000000052c12000 	D:\Program Files\Android\Android Studio\jre\jre\bin\msvcr100.dll
0x0000000052c20000 - 0x000000005346b000 	D:\Program Files\Android\Android Studio\jre\jre\bin\server\jvm.dll
0x00007ffdf4060000 - 0x00007ffdf4068000 	C:\Windows\System32\PSAPI.DLL
0x00007ffdf0b00000 - 0x00007ffdf0b09000 	C:\Windows\SYSTEM32\WSOCK32.dll
0x00007ffdf4670000 - 0x00007ffdf46db000 	C:\Windows\System32\WS2_32.dll
0x00007ffdf0ae0000 - 0x00007ffdf0aea000 	C:\Windows\SYSTEM32\VERSION.dll
0x00007ffdd7320000 - 0x00007ffdd7347000 	C:\Windows\SYSTEM32\WINMM.dll
0x00007ffdeeb40000 - 0x00007ffdeeb4f000 	D:\Program Files\Android\Android Studio\jre\jre\bin\verify.dll
0x00007ffdd8340000 - 0x00007ffdd8369000 	D:\Program Files\Android\Android Studio\jre\jre\bin\java.dll
0x00007ffddd7e0000 - 0x00007ffddd7f6000 	D:\Program Files\Android\Android Studio\jre\jre\bin\zip.dll
0x00007ffdf36d0000 - 0x00007ffdf3e01000 	C:\Windows\System32\SHELL32.dll
0x00007ffdf02a0000 - 0x00007ffdf0a2a000 	C:\Windows\SYSTEM32\windows.storage.dll
0x00007ffdf4090000 - 0x00007ffdf43e4000 	C:\Windows\System32\combase.dll
0x00007ffdf1d50000 - 0x00007ffdf1d7b000 	C:\Windows\SYSTEM32\Wldp.dll
0x00007ffdf47e0000 - 0x00007ffdf488e000 	C:\Windows\System32\SHCORE.dll
0x00007ffdf46e0000 - 0x00007ffdf4735000 	C:\Windows\System32\shlwapi.dll
0x00007ffdf2210000 - 0x00007ffdf222f000 	C:\Windows\SYSTEM32\profapi.dll
0x00007ffddba30000 - 0x00007ffddba4a000 	D:\Program Files\Android\Android Studio\jre\jre\bin\net.dll
0x00007ffdf1ad0000 - 0x00007ffdf1b3a000 	C:\Windows\system32\mswsock.dll
0x00007ffddaa30000 - 0x00007ffddaa43000 	D:\Program Files\Android\Android Studio\jre\jre\bin\nio.dll
0x00007ffddbb90000 - 0x00007ffddbbb6000 	C:\Users\Administrator\.gradle\native\31\windows-amd64\native-platform.dll
0x00007ffdeeb10000 - 0x00007ffdeeb1d000 	D:\Program Files\Android\Android Studio\jre\jre\bin\management.dll
0x00007ffdf1ca0000 - 0x00007ffdf1cb8000 	C:\Windows\SYSTEM32\CRYPTSP.dll
0x00007ffdf13f0000 - 0x00007ffdf1424000 	C:\Windows\system32\rsaenh.dll
0x00007ffdf25e0000 - 0x00007ffdf2607000 	C:\Windows\System32\bcrypt.dll
0x00007ffdf2190000 - 0x00007ffdf21be000 	C:\Windows\SYSTEM32\USERENV.dll
0x00007ffdf2ad0000 - 0x00007ffdf2b4f000 	C:\Windows\System32\bcryptprimitives.dll
0x00007ffdf1cc0000 - 0x00007ffdf1ccc000 	C:\Windows\SYSTEM32\CRYPTBASE.dll
0x00007ffdf1770000 - 0x00007ffdf17ab000 	C:\Windows\SYSTEM32\IPHLPAPI.DLL
0x00007ffdf4050000 - 0x00007ffdf4059000 	C:\Windows\System32\NSI.dll
0x00007ffde2f80000 - 0x00007ffde2f97000 	C:\Windows\SYSTEM32\dhcpcsvc6.DLL
0x00007ffde2f60000 - 0x00007ffde2f7d000 	C:\Windows\SYSTEM32\dhcpcsvc.DLL
0x00007ffdf17b0000 - 0x00007ffdf187a000 	C:\Windows\SYSTEM32\DNSAPI.dll

VM Arguments:
jvm_args: -Xmx1536m -Dfile.encoding=GBK -Duser.country=CN -Duser.language=zh -Duser.variant 
java_command: org.gradle.launcher.daemon.bootstrap.GradleDaemon 6.1.1
java_class_path (initial): C:\Users\Administrator\.gradle\wrapper\dists\gradle-6.1.1-all\cfmwm155h49vnt3hynmlrsdst\gradle-6.1.1\lib\gradle-launcher-6.1.1.jar
Launcher Type: SUN_STANDARD

Environment Variables:
JAVA_HOME=D:\jdk1.8.0_91
CLASSPATH=.;D:\jdk1.8.0_91\lib\dt.jar;D:\jdk1.8.0_91\lib\tools.jar;
PATH=C:\Windows\system32;C:\Windows;C:\Windows\System32\Wbem;C:\Windows\System32\WindowsPowerShell\v1.0\;C:\Windows\System32\OpenSSH\;D:\jdk1.8.0_91\bin;D:\jdk1.8.0_91\jre\bin;;C:\Program Files (x86)\NVIDIA Corporation\PhysX\Common;C:\Users\Administrator\AppData\Local\Microsoft\WindowsApps;;D:\Users\Administrator\AppData\Local\Programs\Fiddler
USERNAME=Administrator
OS=Windows_NT
PROCESSOR_IDENTIFIER=Intel64 Family 6 Model 142 Stepping 10, GenuineIntel



---------------  S Y S T E M  ---------------

OS: Windows 10.0 , 64 bit Build 19041 (10.0.19041.207)

CPU:total 8 (initial active 8) (4 cores per cpu, 2 threads per core) family 6 model 142 stepping 10, cmov, cx8, fxsr, mmx, sse, sse2, sse3, ssse3, sse4.1, sse4.2, popcnt, avx, avx2, aes, clmul, erms, 3dnowpref, lzcnt, ht, tsc, tscinvbit, bmi1, bmi2, adx

Memory: 4k page, physical 16661160k(1680988k free), swap 48118440k(4668k free)

vm_info: OpenJDK 64-Bit Server VM (25.242-b01) for windows-amd64 JRE (1.8.0_242-release-1644-b01), built by "builder" with MS VC++ 10.0 (VS2010)

time: Wed Mar 03 15:29:22 2021
timezone: 中国标准时间
elapsed time: 21 seconds (0d 0h 0m 21s)

